\BOOKMARK [0][-]{chapter.1}{\376\377\0001\000\040\000S\000t\000r\000o\000n\000a\000\040\000g\001\102\000\363\000w\000n\000a\000\040\000d\000o\000k\000u\000m\000e\000n\000t\000a\000c\000j\000i\000\040\000D\000e\000a\000m\000o\000n\000a}{}% 1
\BOOKMARK [1][-]{section.1.1}{\376\377\0001\000.\0001\000\040\000O\000p\000i\000s}{chapter.1}% 2
\BOOKMARK [1][-]{section.1.2}{\376\377\0001\000.\0002\000\040\000I\000n\000i\000c\000j\000a\000l\000i\000z\000a\000c\000j\000a}{chapter.1}% 3
\BOOKMARK [2][-]{subsection.1.2.1}{\376\377\0001\000.\0002\000.\0001\000\040\000P\000a\000r\000a\000m\000e\000t\000r\000y}{section.1.2}% 4
\BOOKMARK [2][-]{subsection.1.2.2}{\376\377\0001\000.\0002\000.\0002\000\040\000D\000z\000i\000a\001\102\000a\000n\000i\000e}{section.1.2}% 5
\BOOKMARK [1][-]{section.1.3}{\376\377\0001\000.\0003\000\040\000A\000u\000t\000o\000r\000z\000y}{chapter.1}% 6
\BOOKMARK [1][-]{section.1.4}{\376\377\0001\000.\0004\000\040\000P\000r\000o\000w\000a\000d\000z\001\005\000c\000y}{chapter.1}% 7
\BOOKMARK [0][-]{chapter.2}{\376\377\0002\000\040\000D\000a\000t\000a\000\040\000S\000t\000r\000u\000c\000t\000u\000r\000e\000\040\000I\000n\000d\000e\000x}{}% 8
\BOOKMARK [1][-]{section.2.1}{\376\377\0002\000.\0001\000\040\000D\000a\000t\000a\000\040\000S\000t\000r\000u\000c\000t\000u\000r\000e\000s}{chapter.2}% 9
\BOOKMARK [0][-]{chapter.3}{\376\377\0003\000\040\000F\000i\000l\000e\000\040\000I\000n\000d\000e\000x}{}% 10
\BOOKMARK [1][-]{section.3.1}{\376\377\0003\000.\0001\000\040\000F\000i\000l\000e\000\040\000L\000i\000s\000t}{chapter.3}% 11
\BOOKMARK [0][-]{chapter.4}{\376\377\0004\000\040\000D\000a\000t\000a\000\040\000S\000t\000r\000u\000c\000t\000u\000r\000e\000\040\000D\000o\000c\000u\000m\000e\000n\000t\000a\000t\000i\000o\000n}{}% 12
\BOOKMARK [1][-]{section.4.1}{\376\377\0004\000.\0001\000\040\000d\000o\000e\000s\000I\000t\000E\000x\000i\000s\000t\000s\000\040\000S\000t\000r\000u\000c\000t\000\040\000R\000e\000f\000e\000r\000e\000n\000c\000e}{chapter.4}% 13
\BOOKMARK [2][-]{subsection.4.1.1}{\376\377\0004\000.\0001\000.\0001\000\040\000D\000e\000t\000a\000i\000l\000e\000d\000\040\000D\000e\000s\000c\000r\000i\000p\000t\000i\000o\000n}{section.4.1}% 14
\BOOKMARK [2][-]{subsection.4.1.2}{\376\377\0004\000.\0001\000.\0002\000\040\000F\000i\000e\000l\000d\000\040\000D\000o\000c\000u\000m\000e\000n\000t\000a\000t\000i\000o\000n}{section.4.1}% 15
\BOOKMARK [3][-]{subsubsection.4.1.2.1}{\376\377\0004\000.\0001\000.\0002\000.\0001\000\040\000i\000s\000D\000i\000r}{subsection.4.1.2}% 16
\BOOKMARK [3][-]{subsubsection.4.1.2.2}{\376\377\0004\000.\0001\000.\0002\000.\0002\000\040\000n\000a\000m\000e}{subsection.4.1.2}% 17
\BOOKMARK [3][-]{subsubsection.4.1.2.3}{\376\377\0004\000.\0001\000.\0002\000.\0003\000\040\000n\000e\000x\000t}{subsection.4.1.2}% 18
\BOOKMARK [0][-]{chapter.5}{\376\377\0005\000\040\000F\000i\000l\000e\000\040\000D\000o\000c\000u\000m\000e\000n\000t\000a\000t\000i\000o\000n}{}% 19
\BOOKMARK [1][-]{section.5.1}{\376\377\0005\000.\0001\000\040\000C\000:\000/\000U\000s\000e\000r\000s\000/\000u\000s\000e\000r\000/\000D\000e\000s\000k\000t\000o\000p\000/\000d\000a\000e\000m\000o\000n\000/\000c\000o\000p\000y\000.\000c\000\040\000F\000i\000l\000e\000\040\000R\000e\000f\000e\000r\000e\000n\000c\000e}{chapter.5}% 20
\BOOKMARK [2][-]{subsection.5.1.1}{\376\377\0005\000.\0001\000.\0001\000\040\000M\000a\000c\000r\000o\000\040\000D\000e\000f\000i\000n\000i\000t\000i\000o\000n\000\040\000D\000o\000c\000u\000m\000e\000n\000t\000a\000t\000i\000o\000n}{section.5.1}% 21
\BOOKMARK [3][-]{subsubsection.5.1.1.1}{\376\377\0005\000.\0001\000.\0001\000.\0001\000\040\000P\000A\000C\000K\000A\000G\000E}{subsection.5.1.1}% 22
\BOOKMARK [2][-]{subsection.5.1.2}{\376\377\0005\000.\0001\000.\0002\000\040\000F\000u\000n\000c\000t\000i\000o\000n\000\040\000D\000o\000c\000u\000m\000e\000n\000t\000a\000t\000i\000o\000n}{section.5.1}% 23
\BOOKMARK [3][-]{subsubsection.5.1.2.1}{\376\377\0005\000.\0001\000.\0002\000.\0001\000\040\000c\000o\000p\000y\000B\000i\000g\000F\000i\000l\000e\000\050\000\051}{subsection.5.1.2}% 24
\BOOKMARK [3][-]{subsubsection.5.1.2.2}{\376\377\0005\000.\0001\000.\0002\000.\0002\000\040\000c\000o\000p\000y\000F\000i\000l\000e\000\050\000\051}{subsection.5.1.2}% 25
\BOOKMARK [3][-]{subsubsection.5.1.2.3}{\376\377\0005\000.\0001\000.\0002\000.\0003\000\040\000c\000o\000p\000y\000O\000r\000N\000o\000t\000\050\000\051}{subsection.5.1.2}% 26
\BOOKMARK [3][-]{subsubsection.5.1.2.4}{\376\377\0005\000.\0001\000.\0002\000.\0004\000\040\000c\000o\000p\000y\000S\000m\000a\000l\000l\000F\000i\000l\000e\000\050\000\051}{subsection.5.1.2}% 27
\BOOKMARK [1][-]{section.5.2}{\376\377\0005\000.\0002\000\040\000C\000:\000/\000U\000s\000e\000r\000s\000/\000u\000s\000e\000r\000/\000D\000e\000s\000k\000t\000o\000p\000/\000d\000a\000e\000m\000o\000n\000/\000c\000o\000p\000y\000.\000h\000\040\000F\000i\000l\000e\000\040\000R\000e\000f\000e\000r\000e\000n\000c\000e}{chapter.5}% 28
\BOOKMARK [2][-]{subsection.5.2.1}{\376\377\0005\000.\0002\000.\0001\000\040\000F\000u\000n\000c\000t\000i\000o\000n\000\040\000D\000o\000c\000u\000m\000e\000n\000t\000a\000t\000i\000o\000n}{section.5.2}% 29
\BOOKMARK [3][-]{subsubsection.5.2.1.1}{\376\377\0005\000.\0002\000.\0001\000.\0001\000\040\000c\000o\000p\000y\000B\000i\000g\000F\000i\000l\000e\000\050\000\051}{subsection.5.2.1}% 30
\BOOKMARK [3][-]{subsubsection.5.2.1.2}{\376\377\0005\000.\0002\000.\0001\000.\0002\000\040\000c\000o\000p\000y\000F\000i\000l\000e\000\050\000\051}{subsection.5.2.1}% 31
\BOOKMARK [3][-]{subsubsection.5.2.1.3}{\376\377\0005\000.\0002\000.\0001\000.\0003\000\040\000c\000o\000p\000y\000O\000r\000N\000o\000t\000\050\000\051}{subsection.5.2.1}% 32
\BOOKMARK [3][-]{subsubsection.5.2.1.4}{\376\377\0005\000.\0002\000.\0001\000.\0004\000\040\000c\000o\000p\000y\000S\000m\000a\000l\000l\000F\000i\000l\000e\000\050\000\051}{subsection.5.2.1}% 33
\BOOKMARK [1][-]{section.5.3}{\376\377\0005\000.\0003\000\040\000c\000o\000p\000y\000.\000h}{chapter.5}% 34
\BOOKMARK [1][-]{section.5.4}{\376\377\0005\000.\0004\000\040\000C\000:\000/\000U\000s\000e\000r\000s\000/\000u\000s\000e\000r\000/\000D\000e\000s\000k\000t\000o\000p\000/\000d\000a\000e\000m\000o\000n\000/\000c\000o\000p\000y\000R\000e\000c\000u\000r\000s\000i\000v\000e\000.\000c\000\040\000F\000i\000l\000e\000\040\000R\000e\000f\000e\000r\000e\000n\000c\000e}{chapter.5}% 35
\BOOKMARK [2][-]{subsection.5.4.1}{\376\377\0005\000.\0004\000.\0001\000\040\000F\000u\000n\000c\000t\000i\000o\000n\000\040\000D\000o\000c\000u\000m\000e\000n\000t\000a\000t\000i\000o\000n}{section.5.4}% 36
\BOOKMARK [3][-]{subsubsection.5.4.1.1}{\376\377\0005\000.\0004\000.\0001\000.\0001\000\040\000c\000o\000p\000y\000R\000e\000c\000u\000r\000s\000i\000v\000e\000D\000i\000r\000\050\000\051}{subsection.5.4.1}% 37
\BOOKMARK [1][-]{section.5.5}{\376\377\0005\000.\0005\000\040\000C\000:\000/\000U\000s\000e\000r\000s\000/\000u\000s\000e\000r\000/\000D\000e\000s\000k\000t\000o\000p\000/\000d\000a\000e\000m\000o\000n\000/\000c\000o\000p\000y\000R\000e\000c\000u\000r\000s\000i\000v\000e\000.\000h\000\040\000F\000i\000l\000e\000\040\000R\000e\000f\000e\000r\000e\000n\000c\000e}{chapter.5}% 38
\BOOKMARK [2][-]{subsection.5.5.1}{\376\377\0005\000.\0005\000.\0001\000\040\000F\000u\000n\000c\000t\000i\000o\000n\000\040\000D\000o\000c\000u\000m\000e\000n\000t\000a\000t\000i\000o\000n}{section.5.5}% 39
\BOOKMARK [3][-]{subsubsection.5.5.1.1}{\376\377\0005\000.\0005\000.\0001\000.\0001\000\040\000c\000o\000p\000y\000R\000e\000c\000u\000r\000s\000i\000v\000e\000D\000i\000r\000\050\000\051}{subsection.5.5.1}% 40
\BOOKMARK [1][-]{section.5.6}{\376\377\0005\000.\0006\000\040\000c\000o\000p\000y\000R\000e\000c\000u\000r\000s\000i\000v\000e\000.\000h}{chapter.5}% 41
\BOOKMARK [1][-]{section.5.7}{\376\377\0005\000.\0007\000\040\000C\000:\000/\000U\000s\000e\000r\000s\000/\000u\000s\000e\000r\000/\000D\000e\000s\000k\000t\000o\000p\000/\000d\000a\000e\000m\000o\000n\000/\000c\000u\000r\000r\000e\000n\000t\000T\000i\000m\000e\000.\000c\000\040\000F\000i\000l\000e\000\040\000R\000e\000f\000e\000r\000e\000n\000c\000e}{chapter.5}% 42
\BOOKMARK [2][-]{subsection.5.7.1}{\376\377\0005\000.\0007\000.\0001\000\040\000F\000u\000n\000c\000t\000i\000o\000n\000\040\000D\000o\000c\000u\000m\000e\000n\000t\000a\000t\000i\000o\000n}{section.5.7}% 43
\BOOKMARK [3][-]{subsubsection.5.7.1.1}{\376\377\0005\000.\0007\000.\0001\000.\0001\000\040\000c\000u\000r\000r\000e\000n\000t\000T\000i\000m\000e\000\050\000\051}{subsection.5.7.1}% 44
\BOOKMARK [1][-]{section.5.8}{\376\377\0005\000.\0008\000\040\000C\000:\000/\000U\000s\000e\000r\000s\000/\000u\000s\000e\000r\000/\000D\000e\000s\000k\000t\000o\000p\000/\000d\000a\000e\000m\000o\000n\000/\000c\000u\000r\000r\000e\000n\000t\000T\000i\000m\000e\000.\000h\000\040\000F\000i\000l\000e\000\040\000R\000e\000f\000e\000r\000e\000n\000c\000e}{chapter.5}% 45
\BOOKMARK [2][-]{subsection.5.8.1}{\376\377\0005\000.\0008\000.\0001\000\040\000F\000u\000n\000c\000t\000i\000o\000n\000\040\000D\000o\000c\000u\000m\000e\000n\000t\000a\000t\000i\000o\000n}{section.5.8}% 46
\BOOKMARK [3][-]{subsubsection.5.8.1.1}{\376\377\0005\000.\0008\000.\0001\000.\0001\000\040\000c\000u\000r\000r\000e\000n\000t\000T\000i\000m\000e\000\050\000\051}{subsection.5.8.1}% 47
\BOOKMARK [1][-]{section.5.9}{\376\377\0005\000.\0009\000\040\000c\000u\000r\000r\000e\000n\000t\000T\000i\000m\000e\000.\000h}{chapter.5}% 48
\BOOKMARK [1][-]{section.5.10}{\376\377\0005\000.\0001\0000\000\040\000C\000:\000/\000U\000s\000e\000r\000s\000/\000u\000s\000e\000r\000/\000D\000e\000s\000k\000t\000o\000p\000/\000d\000a\000e\000m\000o\000n\000/\000d\000a\000e\000m\000o\000n\000.\000c\000\040\000F\000i\000l\000e\000\040\000R\000e\000f\000e\000r\000e\000n\000c\000e}{chapter.5}% 49
\BOOKMARK [2][-]{subsection.5.10.1}{\376\377\0005\000.\0001\0000\000.\0001\000\040\000F\000u\000n\000c\000t\000i\000o\000n\000\040\000D\000o\000c\000u\000m\000e\000n\000t\000a\000t\000i\000o\000n}{section.5.10}% 50
\BOOKMARK [3][-]{subsubsection.5.10.1.1}{\376\377\0005\000.\0001\0000\000.\0001\000.\0001\000\040\000c\000r\000e\000a\000t\000e\000\137\000d\000e\000a\000m\000o\000n\000\050\000\051}{subsection.5.10.1}% 51
\BOOKMARK [1][-]{section.5.11}{\376\377\0005\000.\0001\0001\000\040\000C\000:\000/\000U\000s\000e\000r\000s\000/\000u\000s\000e\000r\000/\000D\000e\000s\000k\000t\000o\000p\000/\000d\000a\000e\000m\000o\000n\000/\000d\000a\000e\000m\000o\000n\000.\000h\000\040\000F\000i\000l\000e\000\040\000R\000e\000f\000e\000r\000e\000n\000c\000e}{chapter.5}% 52
\BOOKMARK [2][-]{subsection.5.11.1}{\376\377\0005\000.\0001\0001\000.\0001\000\040\000F\000u\000n\000c\000t\000i\000o\000n\000\040\000D\000o\000c\000u\000m\000e\000n\000t\000a\000t\000i\000o\000n}{section.5.11}% 53
\BOOKMARK [3][-]{subsubsection.5.11.1.1}{\376\377\0005\000.\0001\0001\000.\0001\000.\0001\000\040\000c\000r\000e\000a\000t\000e\000\137\000d\000e\000a\000m\000o\000n\000\050\000\051}{subsection.5.11.1}% 54
\BOOKMARK [1][-]{section.5.12}{\376\377\0005\000.\0001\0002\000\040\000d\000a\000e\000m\000o\000n\000.\000h}{chapter.5}% 55
\BOOKMARK [1][-]{section.5.13}{\376\377\0005\000.\0001\0003\000\040\000C\000:\000/\000U\000s\000e\000r\000s\000/\000u\000s\000e\000r\000/\000D\000e\000s\000k\000t\000o\000p\000/\000d\000a\000e\000m\000o\000n\000/\000d\000a\000e\000m\000o\000n\000\137\000a\000t\000\137\000w\000o\000r\000k\000.\000c\000\040\000F\000i\000l\000e\000\040\000R\000e\000f\000e\000r\000e\000n\000c\000e}{chapter.5}% 56
\BOOKMARK [2][-]{subsection.5.13.1}{\376\377\0005\000.\0001\0003\000.\0001\000\040\000F\000u\000n\000c\000t\000i\000o\000n\000\040\000D\000o\000c\000u\000m\000e\000n\000t\000a\000t\000i\000o\000n}{section.5.13}% 57
\BOOKMARK [3][-]{subsubsection.5.13.1.1}{\376\377\0005\000.\0001\0003\000.\0001\000.\0001\000\040\000d\000a\000e\000m\000o\000n\000\137\000a\000t\000\137\000w\000o\000r\000k\000\050\000\051}{subsection.5.13.1}% 58
\BOOKMARK [1][-]{section.5.14}{\376\377\0005\000.\0001\0004\000\040\000C\000:\000/\000U\000s\000e\000r\000s\000/\000u\000s\000e\000r\000/\000D\000e\000s\000k\000t\000o\000p\000/\000d\000a\000e\000m\000o\000n\000/\000d\000a\000e\000m\000o\000n\000\137\000a\000t\000\137\000w\000o\000r\000k\000.\000h\000\040\000F\000i\000l\000e\000\040\000R\000e\000f\000e\000r\000e\000n\000c\000e}{chapter.5}% 59
\BOOKMARK [2][-]{subsection.5.14.1}{\376\377\0005\000.\0001\0004\000.\0001\000\040\000F\000u\000n\000c\000t\000i\000o\000n\000\040\000D\000o\000c\000u\000m\000e\000n\000t\000a\000t\000i\000o\000n}{section.5.14}% 60
\BOOKMARK [3][-]{subsubsection.5.14.1.1}{\376\377\0005\000.\0001\0004\000.\0001\000.\0001\000\040\000d\000a\000e\000m\000o\000n\000\137\000a\000t\000\137\000w\000o\000r\000k\000\050\000\051}{subsection.5.14.1}% 61
\BOOKMARK [1][-]{section.5.15}{\376\377\0005\000.\0001\0005\000\040\000d\000a\000e\000m\000o\000n\000\137\000a\000t\000\137\000w\000o\000r\000k\000.\000h}{chapter.5}% 62
\BOOKMARK [1][-]{section.5.16}{\376\377\0005\000.\0001\0006\000\040\000C\000:\000/\000U\000s\000e\000r\000s\000/\000u\000s\000e\000r\000/\000D\000e\000s\000k\000t\000o\000p\000/\000d\000a\000e\000m\000o\000n\000/\000d\000e\000l\000e\000t\000e\000N\000o\000t\000E\000x\000i\000s\000t\000i\000n\000g\000.\000c\000\040\000F\000i\000l\000e\000\040\000R\000e\000f\000e\000r\000e\000n\000c\000e}{chapter.5}% 63
\BOOKMARK [2][-]{subsection.5.16.1}{\376\377\0005\000.\0001\0006\000.\0001\000\040\000T\000y\000p\000e\000d\000e\000f\000\040\000D\000o\000c\000u\000m\000e\000n\000t\000a\000t\000i\000o\000n}{section.5.16}% 64
\BOOKMARK [3][-]{subsubsection.5.16.1.1}{\376\377\0005\000.\0001\0006\000.\0001\000.\0001\000\040\000d\000o\000e\000s\000I\000t\000E\000x\000i\000s\000t\000s\000\137\000t}{subsection.5.16.1}% 65
\BOOKMARK [2][-]{subsection.5.16.2}{\376\377\0005\000.\0001\0006\000.\0002\000\040\000F\000u\000n\000c\000t\000i\000o\000n\000\040\000D\000o\000c\000u\000m\000e\000n\000t\000a\000t\000i\000o\000n}{section.5.16}% 66
\BOOKMARK [3][-]{subsubsection.5.16.2.1}{\376\377\0005\000.\0001\0006\000.\0002\000.\0001\000\040\000a\000d\000d\000T\000o\000L\000i\000s\000t\000\050\000\051}{subsection.5.16.2}% 67
\BOOKMARK [3][-]{subsubsection.5.16.2.2}{\376\377\0005\000.\0001\0006\000.\0002\000.\0002\000\040\000d\000e\000l\000e\000t\000e\000L\000i\000s\000t\000\050\000\051}{subsection.5.16.2}% 68
\BOOKMARK [3][-]{subsubsection.5.16.2.3}{\376\377\0005\000.\0001\0006\000.\0002\000.\0003\000\040\000d\000e\000l\000e\000t\000e\000R\000e\000c\000u\000r\000s\000i\000v\000e\000\050\000\051}{subsection.5.16.2}% 69
\BOOKMARK [3][-]{subsubsection.5.16.2.4}{\376\377\0005\000.\0001\0006\000.\0002\000.\0004\000\040\000i\000s\000T\000h\000e\000r\000e\000T\000h\000a\000t\000F\000i\000l\000e\000\050\000\051}{subsection.5.16.2}% 70
\BOOKMARK [1][-]{section.5.17}{\376\377\0005\000.\0001\0007\000\040\000C\000:\000/\000U\000s\000e\000r\000s\000/\000u\000s\000e\000r\000/\000D\000e\000s\000k\000t\000o\000p\000/\000d\000a\000e\000m\000o\000n\000/\000m\000a\000i\000n\000.\000c\000\040\000F\000i\000l\000e\000\040\000R\000e\000f\000e\000r\000e\000n\000c\000e}{chapter.5}% 71
\BOOKMARK [2][-]{subsection.5.17.1}{\376\377\0005\000.\0001\0007\000.\0001\000\040\000F\000u\000n\000c\000t\000i\000o\000n\000\040\000D\000o\000c\000u\000m\000e\000n\000t\000a\000t\000i\000o\000n}{section.5.17}% 72
\BOOKMARK [3][-]{subsubsection.5.17.1.1}{\376\377\0005\000.\0001\0007\000.\0001\000.\0001\000\040\000m\000a\000i\000n\000\050\000\051}{subsection.5.17.1}% 73
\BOOKMARK [1][-]{section.5.18}{\376\377\0005\000.\0001\0008\000\040\000C\000:\000/\000U\000s\000e\000r\000s\000/\000u\000s\000e\000r\000/\000D\000e\000s\000k\000t\000o\000p\000/\000d\000a\000e\000m\000o\000n\000/\000s\000i\000g\000u\000s\000r\0001\000.\000c\000\040\000F\000i\000l\000e\000\040\000R\000e\000f\000e\000r\000e\000n\000c\000e}{chapter.5}% 74
\BOOKMARK [2][-]{subsection.5.18.1}{\376\377\0005\000.\0001\0008\000.\0001\000\040\000F\000u\000n\000c\000t\000i\000o\000n\000\040\000D\000o\000c\000u\000m\000e\000n\000t\000a\000t\000i\000o\000n}{section.5.18}% 75
\BOOKMARK [3][-]{subsubsection.5.18.1.1}{\376\377\0005\000.\0001\0008\000.\0001\000.\0001\000\040\000f\000u\000n\000k\000c\000j\000a\000\137\000o\000b\000s\000l\000u\000g\000u\000j\000a\000c\000a\000\137\000s\000i\000g\000u\000s\000r\0001\000\050\000\051}{subsection.5.18.1}% 76
\BOOKMARK [1][-]{section.5.19}{\376\377\0005\000.\0001\0009\000\040\000C\000:\000/\000U\000s\000e\000r\000s\000/\000u\000s\000e\000r\000/\000D\000e\000s\000k\000t\000o\000p\000/\000d\000a\000e\000m\000o\000n\000/\000s\000i\000g\000u\000s\000r\0001\000.\000h\000\040\000F\000i\000l\000e\000\040\000R\000e\000f\000e\000r\000e\000n\000c\000e}{chapter.5}% 77
\BOOKMARK [2][-]{subsection.5.19.1}{\376\377\0005\000.\0001\0009\000.\0001\000\040\000F\000u\000n\000c\000t\000i\000o\000n\000\040\000D\000o\000c\000u\000m\000e\000n\000t\000a\000t\000i\000o\000n}{section.5.19}% 78
\BOOKMARK [3][-]{subsubsection.5.19.1.1}{\376\377\0005\000.\0001\0009\000.\0001\000.\0001\000\040\000f\000u\000n\000k\000c\000j\000a\000\137\000o\000b\000s\000l\000u\000g\000u\000j\000a\000c\000a\000\137\000s\000i\000g\000u\000s\000r\0001\000\050\000\051}{subsection.5.19.1}% 79
\BOOKMARK [1][-]{section.5.20}{\376\377\0005\000.\0002\0000\000\040\000s\000i\000g\000u\000s\000r\0001\000.\000h}{chapter.5}% 80
\BOOKMARK [1][-]{section.5.21}{\376\377\0005\000.\0002\0001\000\040\000C\000:\000/\000U\000s\000e\000r\000s\000/\000u\000s\000e\000r\000/\000D\000e\000s\000k\000t\000o\000p\000/\000d\000a\000e\000m\000o\000n\000/\000u\000p\000d\000a\000t\000e\000T\000e\000x\000t\000F\000i\000l\000e\000.\000c\000\040\000F\000i\000l\000e\000\040\000R\000e\000f\000e\000r\000e\000n\000c\000e}{chapter.5}% 81
\BOOKMARK [2][-]{subsection.5.21.1}{\376\377\0005\000.\0002\0001\000.\0001\000\040\000F\000u\000n\000c\000t\000i\000o\000n\000\040\000D\000o\000c\000u\000m\000e\000n\000t\000a\000t\000i\000o\000n}{section.5.21}% 82
\BOOKMARK [3][-]{subsubsection.5.21.1.1}{\376\377\0005\000.\0002\0001\000.\0001\000.\0001\000\040\000u\000p\000d\000a\000t\000e\000T\000e\000x\000t\000F\000i\000l\000e\000\050\000\051}{subsection.5.21.1}% 83
\BOOKMARK [3][-]{subsubsection.5.21.1.2}{\376\377\0005\000.\0002\0001\000.\0001\000.\0002\000\040\000u\000p\000d\000a\000t\000e\000T\000e\000x\000t\000F\000i\000l\000e\000P\000a\000r\000a\000m\000\050\000\051}{subsection.5.21.1}% 84
\BOOKMARK [3][-]{subsubsection.5.21.1.3}{\376\377\0005\000.\0002\0001\000.\0001\000.\0003\000\040\000u\000p\000d\000a\000t\000e\000T\000e\000x\000t\000F\000i\000l\000e\000R\000e\000c\000u\000r\000s\000i\000v\000e\000\050\000\051}{subsection.5.21.1}% 85
\BOOKMARK [3][-]{subsubsection.5.21.1.4}{\376\377\0005\000.\0002\0001\000.\0001\000.\0004\000\040\000u\000p\000d\000a\000t\000e\000T\000e\000x\000t\000F\000i\000l\000e\000R\000e\000c\000u\000r\000s\000i\000v\000e\000P\000a\000r\000a\000m\000\050\000\051}{subsection.5.21.1}% 86
\BOOKMARK [1][-]{section.5.22}{\376\377\0005\000.\0002\0002\000\040\000C\000:\000/\000U\000s\000e\000r\000s\000/\000u\000s\000e\000r\000/\000D\000e\000s\000k\000t\000o\000p\000/\000d\000a\000e\000m\000o\000n\000/\000u\000p\000d\000a\000t\000e\000T\000e\000x\000t\000F\000i\000l\000e\000.\000h\000\040\000F\000i\000l\000e\000\040\000R\000e\000f\000e\000r\000e\000n\000c\000e}{chapter.5}% 87
\BOOKMARK [2][-]{subsection.5.22.1}{\376\377\0005\000.\0002\0002\000.\0001\000\040\000F\000u\000n\000c\000t\000i\000o\000n\000\040\000D\000o\000c\000u\000m\000e\000n\000t\000a\000t\000i\000o\000n}{section.5.22}% 88
\BOOKMARK [3][-]{subsubsection.5.22.1.1}{\376\377\0005\000.\0002\0002\000.\0001\000.\0001\000\040\000u\000p\000d\000a\000t\000e\000T\000e\000x\000t\000F\000i\000l\000e\000\050\000\051}{subsection.5.22.1}% 89
\BOOKMARK [3][-]{subsubsection.5.22.1.2}{\376\377\0005\000.\0002\0002\000.\0001\000.\0002\000\040\000u\000p\000d\000a\000t\000e\000T\000e\000x\000t\000F\000i\000l\000e\000P\000a\000r\000a\000m\000\050\000\051}{subsection.5.22.1}% 90
\BOOKMARK [3][-]{subsubsection.5.22.1.3}{\376\377\0005\000.\0002\0002\000.\0001\000.\0003\000\040\000u\000p\000d\000a\000t\000e\000T\000e\000x\000t\000F\000i\000l\000e\000R\000e\000c\000u\000r\000s\000i\000v\000e\000\050\000\051}{subsection.5.22.1}% 91
\BOOKMARK [3][-]{subsubsection.5.22.1.4}{\376\377\0005\000.\0002\0002\000.\0001\000.\0004\000\040\000u\000p\000d\000a\000t\000e\000T\000e\000x\000t\000F\000i\000l\000e\000R\000e\000c\000u\000r\000s\000i\000v\000e\000P\000a\000r\000a\000m\000\050\000\051}{subsection.5.22.1}% 92
\BOOKMARK [1][-]{section.5.23}{\376\377\0005\000.\0002\0003\000\040\000u\000p\000d\000a\000t\000e\000T\000e\000x\000t\000F\000i\000l\000e\000.\000h}{chapter.5}% 93
\BOOKMARK [0][-]{section*.21}{\376\377\000I\000n\000d\000e\000x}{}% 94
